<?xml version="1.0" encoding="UTF-8"?>
<!-- Generated by org.testng.reporters.JUnitReportReporter -->
<testsuite hostname="cucumber" failures="0" tests="1" name="com.supermarket.tests.ManageUsersTest" time="7.404" errors="0" timestamp="12 Jun 2022 13:52:40 GMT" skipped="0">
  <testcase classname="com.supermarket.tests.ManageUsersTest" name="manageUsersDelete" time="7.404"/>
</testsuite> <!-- com.supermarket.tests.ManageUsersTest -->
