<?xml version="1.0" encoding="UTF-8"?>
<!-- Generated by org.testng.reporters.JUnitReportReporter -->
<testsuite hostname="cucumber" failures="0" tests="2" name="com.supermarket.tests.LoginTest" time="8.391" errors="0" timestamp="11 Jun 2022 11:28:39 GMT" skipped="0">
  <testcase classname="com.supermarket.tests.LoginTest" name="verifyLogin" time="4.552"/>
  <testcase classname="com.supermarket.tests.LoginTest" name="verifyInvalidLoginCredentials" time="3.839"/>
</testsuite> <!-- com.supermarket.tests.LoginTest -->
